<?xml version="1.0" encoding="UTF-8"?>
<!-- Generated by org.testng.reporters.JUnitReportReporter -->
<testsuite hostname="LAPTOP-M03H7N29" failures="0" tests="10" name="seleniumExamples.TestClass" time="0.004" errors="0" timestamp="2024-11-23T18:00:20 IST" skipped="0">
  <testcase classname="seleniumExamples.TestClass" name="test2" time="0.000"/>
  <testcase classname="seleniumExamples.TestClass" name="test1" time="0.003"/>
  <testcase classname="seleniumExamples.TestClass" name="test2" time="0.000"/>
  <testcase classname="seleniumExamples.TestClass" name="test2" time="0.000"/>
  <testcase classname="seleniumExamples.TestClass" name="test1" time="0.000"/>
  <testcase classname="seleniumExamples.TestClass" name="test1" time="0.000"/>
  <testcase classname="seleniumExamples.TestClass" name="test2" time="0.000"/>
  <testcase classname="seleniumExamples.TestClass" name="test2" time="0.000"/>
  <testcase classname="seleniumExamples.TestClass" name="test1" time="0.001"/>
  <testcase classname="seleniumExamples.TestClass" name="test1" time="0.000"/>
</testsuite> <!-- seleniumExamples.TestClass -->
